<?xml version="1.0" encoding="UTF-8"?><testsuite errors="1" failures="0" name="The user wants to end the test" skipped="0" tests="1" time="9.22" timestamp="2023-04-04 04:15:28"><testcase name="The user wants to end the test"><error message="no such element: Unable to locate element: {&quot;method&quot;:&quot;xpath&quot;,&quot;selector&quot;:&quot;(//*[@class='text-center text-xl font-bold'])&quot;}&#10;  (Session info: chrome=111.0.5563.147)&#10;For documentation on this error, please visit: https://www.seleniumhq.org/exceptions/no_such_element.html&#10;Build info: version: '3.141.59', revision: 'e82be7d358', time: '2018-11-14T08:17:03'&#10;System info: host: 'LAPTOP-MUKU1ITQ', ip: '192.168.1.5', os.name: 'Windows 11', os.arch: 'amd64', os.version: '10.0', java.version: '1.8.0_352'&#10;Driver info: org.openqa.selenium.chrome.ChromeDriver&#10;Capabilities {acceptInsecureCerts: false, browserName: chrome, browserVersion: 111.0.5563.147, chrome: {chromedriverVersion: 111.0.5563.64 (c710e93d5b63..., userDataDir: C:\Users\Villonta\AppData\L...}, goog:chromeOptions: {debuggerAddress: localhost:13174}, javascriptEnabled: true, networkConnectionEnabled: false, pageLoadStrategy: normal, platform: WINDOWS, platformName: WINDOWS, proxy: Proxy(), setWindowRect: true, strictFileInteractability: false, timeouts: {implicit: 0, pageLoad: 300000, script: 30000}, unhandledPromptBehavior: dismiss and notify, webauthn:extension:credBlob: true, webauthn:extension:largeBlob: true, webauthn:extension:minPinLength: true, webauthn:extension:prf: true, webauthn:virtualAuthenticators: true}&#10;Session ID: 568f35ca577053289d8a62af2bf77c7e&#10;*** Element info: {Using=xpath, value=(//*[@class='text-center text-xl font-bold'])}" type="org.openqa.selenium.NoSuchElementException">no such element: Unable to locate element: {"method":"xpath","selector":"(//*[@class='text-center text-xl font-bold'])"}
  (Session info: chrome=111.0.5563.147)
For documentation on this error, please visit: https://www.seleniumhq.org/exceptions/no_such_element.html
Build info: version: '3.141.59', revision: 'e82be7d358', time: '2018-11-14T08:17:03'
System info: host: 'LAPTOP-MUKU1ITQ', ip: '192.168.1.5', os.name: 'Windows 11', os.arch: 'amd64', os.version: '10.0', java.version: '1.8.0_352'
Driver info: org.openqa.selenium.chrome.ChromeDriver
Capabilities {acceptInsecureCerts: false, browserName: chrome, browserVersion: 111.0.5563.147, chrome: {chromedriverVersion: 111.0.5563.64 (c710e93d5b63..., userDataDir: C:\Users\Villonta\AppData\L...}, goog:chromeOptions: {debuggerAddress: localhost:13174}, javascriptEnabled: true, networkConnectionEnabled: false, pageLoadStrategy: normal, platform: WINDOWS, platformName: WINDOWS, proxy: Proxy(), setWindowRect: true, strictFileInteractability: false, timeouts: {implicit: 0, pageLoad: 300000, script: 30000}, unhandledPromptBehavior: dismiss and notify, webauthn:extension:credBlob: true, webauthn:extension:largeBlob: true, webauthn:extension:minPinLength: true, webauthn:extension:prf: true, webauthn:virtualAuthenticators: true}
Session ID: 568f35ca577053289d8a62af2bf77c7e
*** Element info: {Using=xpath, value=(//*[@class='text-center text-xl font-bold'])}</error><system-err>no such element: Unable to locate element: {"method":"xpath","selector":"(//*[@class='text-center text-xl font-bold'])"}
  (Session info: chrome=111.0.5563.147)
For documentation on this error, please visit: https://www.seleniumhq.org/exceptions/no_such_element.html
Build info: version: '3.141.59', revision: 'e82be7d358', time: '2018-11-14T08:17:03'
System info: host: 'LAPTOP-MUKU1ITQ', ip: '192.168.1.5', os.name: 'Windows 11', os.arch: 'amd64', os.version: '10.0', java.version: '1.8.0_352'
Driver info: org.openqa.selenium.chrome.ChromeDriver
Capabilities {acceptInsecureCerts: false, browserName: chrome, browserVersion: 111.0.5563.147, chrome: {chromedriverVersion: 111.0.5563.64 (c710e93d5b63..., userDataDir: C:\Users\Villonta\AppData\L...}, goog:chromeOptions: {debuggerAddress: localhost:13174}, javascriptEnabled: true, networkConnectionEnabled: false, pageLoadStrategy: normal, platform: WINDOWS, platformName: WINDOWS, proxy: Proxy(), setWindowRect: true, strictFileInteractability: false, timeouts: {implicit: 0, pageLoad: 300000, script: 30000}, unhandledPromptBehavior: dismiss and notify, webauthn:extension:credBlob: true, webauthn:extension:largeBlob: true, webauthn:extension:minPinLength: true, webauthn:extension:prf: true, webauthn:virtualAuthenticators: true}
Session ID: 568f35ca577053289d8a62af2bf77c7e
*** Element info: {Using=xpath, value=(//*[@class='text-center text-xl font-bold'])}&#13;
co.com.evalart.tasks.Solve.performAs(Solve.java:19)&#13;
co.com.evalart.stepdefinitions.LoginSolveStepDefinitions.solveAlPages(LoginSolveStepDefinitions.java:36)&#13;
cucumber.runner.Runner.runPickle(Runner.java:80)&#13;
worker.org.gradle.process.internal.worker.GradleWorkerMain.run(GradleWorkerMain.java:69)&#13;
worker.org.gradle.process.internal.worker.GradleWorkerMain.main(GradleWorkerMain.java:74)&#13;
</system-err></testcase></testsuite>